D:\BELAJAR\FUJIANTO21 - COPY\DEBUG\01 - IF ELSE.OBJ
D:\BELAJAR\FUJIANTO21 - COPY\DEBUG\02 - STRUCT SISWA - INPUT OUTPUT.OBJ
D:\BELAJAR\FUJIANTO21 - COPY\DEBUG\02 - STRUCT SISWA - MAIN.OBJ
D:\BELAJAR\FUJIANTO21 - COPY\DEBUG\02 - STRUCT SISWA - OUTPUT ONLY.OBJ
D:\BELAJAR\FUJIANTO21 - COPY\DEBUG\03  - TRANSAKSI.OBJ
D:\BELAJAR\FUJIANTO21 - COPY\DEBUG\03 - TRANSAKSI 2.OBJ
D:\BELAJAR\FUJIANTO21 - COPY\DEBUG\04 - IF ELSE HURUF.OBJ
D:\BELAJAR\FUJIANTO21 - COPY\DEBUG\05 - LOOPING FOREVER.OBJ
D:\Belajar\fujianto21 - Copy\Debug\cl.command.1.tlog
D:\Belajar\fujianto21 - Copy\Debug\CL.read.1.tlog
D:\Belajar\fujianto21 - Copy\Debug\CL.write.1.tlog
D:\BELAJAR\FUJIANTO21 - COPY\DEBUG\FUJIANTO21.EXE
D:\BELAJAR\FUJIANTO21 - COPY\DEBUG\FUJIANTO21.EXE.EMBED.MANIFEST
D:\BELAJAR\FUJIANTO21 - COPY\DEBUG\FUJIANTO21.EXE.EMBED.MANIFEST.RES
D:\BELAJAR\FUJIANTO21 - COPY\DEBUG\FUJIANTO21.EXE.INTERMEDIATE.MANIFEST
D:\BELAJAR\FUJIANTO21 - COPY\DEBUG\FUJIANTO21.ILK
D:\BELAJAR\FUJIANTO21 - COPY\DEBUG\FUJIANTO21.OBJ
D:\BELAJAR\FUJIANTO21 - COPY\DEBUG\FUJIANTO21.PDB
D:\Belajar\fujianto21 - Copy\Debug\fujianto21_manifest.rc
D:\Belajar\fujianto21 - Copy\Debug\link.13260.read.1.tlog
D:\Belajar\fujianto21 - Copy\Debug\link.13260.write.1.tlog
D:\Belajar\fujianto21 - Copy\Debug\link.13260-cvtres.read.1.tlog
D:\Belajar\fujianto21 - Copy\Debug\link.13260-cvtres.write.1.tlog
D:\Belajar\fujianto21 - Copy\Debug\link.6884.read.1.tlog
D:\Belajar\fujianto21 - Copy\Debug\link.6884.write.1.tlog
D:\Belajar\fujianto21 - Copy\Debug\link.6884-cvtres.read.1.tlog
D:\Belajar\fujianto21 - Copy\Debug\link.6884-cvtres.write.1.tlog
D:\Belajar\fujianto21 - Copy\Debug\link.command.1.tlog
D:\Belajar\fujianto21 - Copy\Debug\link.read.1.tlog
D:\Belajar\fujianto21 - Copy\Debug\link.write.1.tlog
D:\Belajar\fujianto21 - Copy\Debug\link-cvtres.read.1.tlog
D:\Belajar\fujianto21 - Copy\Debug\link-cvtres.write.1.tlog
D:\Belajar\fujianto21 - Copy\Debug\mt.command.1.tlog
D:\Belajar\fujianto21 - Copy\Debug\mt.read.1.tlog
D:\Belajar\fujianto21 - Copy\Debug\mt.write.1.tlog
D:\Belajar\fujianto21 - Copy\Debug\rc.command.1.tlog
D:\Belajar\fujianto21 - Copy\Debug\rc.read.1.tlog
D:\Belajar\fujianto21 - Copy\Debug\rc.write.1.tlog
D:\Belajar\fujianto21 - Copy\Debug\vc100.idb
D:\BELAJAR\FUJIANTO21 - COPY\DEBUG\VC100.PDB
